2023-06-12 18:36:06.772700 [error][application] Error: Class "Yii\Framework\Console\ConfigureCommand\ConfigureCommandAction" not found in K:\yii-tools\skeleton-app\vendor\yiisoft\yii-console\src\CommandLoader.php:55 while running console command "list".

Message context:

exception: Error: Class "Yii\Framework\Console\ConfigureCommand\ConfigureCommandAction" not found in K:\yii-tools\skeleton-app\vendor\yiisoft\yii-console\src\CommandLoader.php:55
Stack trace:
#0 K:\yii-tools\skeleton-app\vendor\symfony\console\Application.php(605): Yiisoft\Yii\Console\CommandLoader->get('web-service')
#1 K:\yii-tools\skeleton-app\vendor\symfony\console\Application.php(797): Symfony\Component\Console\Application->has('web-service')
#2 K:\yii-tools\skeleton-app\vendor\symfony\console\Descriptor\ApplicationDescription.php(87): Symfony\Component\Console\Application->all(NULL)
#3 K:\yii-tools\skeleton-app\vendor\symfony\console\Descriptor\ApplicationDescription.php(64): Symfony\Component\Console\Descriptor\ApplicationDescription->inspectApplication()
#4 K:\yii-tools\skeleton-app\vendor\symfony\console\Descriptor\TextDescriptor.php(185): Symfony\Component\Console\Descriptor\ApplicationDescription->getCommands()
#5 K:\yii-tools\skeleton-app\vendor\symfony\console\Descriptor\Descriptor.php(40): Symfony\Component\Console\Descriptor\TextDescriptor->describeApplication(Object(Yiisoft\Yii\Console\Application), Array)
#6 K:\yii-tools\skeleton-app\vendor\symfony\console\Helper\DescriptorHelper.php(69): Symfony\Component\Console\Descriptor\Descriptor->describe(Object(Yiisoft\Yii\Console\Output\ConsoleBufferedOutput), Object(Yiisoft\Yii\Console\Application), Array)
#7 K:\yii-tools\skeleton-app\vendor\symfony\console\Command\ListCommand.php(70): Symfony\Component\Console\Helper\DescriptorHelper->describe(Object(Yiisoft\Yii\Console\Output\ConsoleBufferedOutput), Object(Yiisoft\Yii\Console\Application), Array)
#8 K:\yii-tools\skeleton-app\vendor\symfony\console\Command\Command.php(326): Symfony\Component\Console\Command\ListCommand->execute(Object(Symfony\Component\Console\Input\ArgvInput), Object(Yiisoft\Yii\Console\Output\ConsoleBufferedOutput))
#9 K:\yii-tools\skeleton-app\vendor\symfony\console\Application.php(1081): Symfony\Component\Console\Command\Command->run(Object(Symfony\Component\Console\Input\ArgvInput), Object(Yiisoft\Yii\Console\Output\ConsoleBufferedOutput))
#10 K:\yii-tools\skeleton-app\vendor\symfony\console\Application.php(320): Symfony\Component\Console\Application->doRunCommand(Object(Symfony\Component\Console\Command\ListCommand), Object(Symfony\Component\Console\Input\ArgvInput), Object(Yiisoft\Yii\Console\Output\ConsoleBufferedOutput))
#11 K:\yii-tools\skeleton-app\vendor\symfony\console\Application.php(174): Symfony\Component\Console\Application->doRun(Object(Symfony\Component\Console\Input\ArgvInput), Object(Yiisoft\Yii\Console\Output\ConsoleBufferedOutput))
#12 K:\yii-tools\skeleton-app\vendor\yiisoft\yii-runner-console\src\ConsoleApplicationRunner.php(99): Symfony\Component\Console\Application->run(Object(Symfony\Component\Console\Input\ArgvInput), Object(Yiisoft\Yii\Console\Output\ConsoleBufferedOutput))
#13 K:\yii-tools\skeleton-app\yii(23): Yiisoft\Yii\Runner\Console\ConsoleApplicationRunner->run()
#14 {main}
time: 1686594966.772703
memory: 7775128
category: 'application'

